17224.2
34706.7
35356.4
47177.8
38634.9
33845.5
27736.3
36832.5
29190.5
32184.4
35273.4
33984.9
35752.0
44288.5
35434.8
45053.6
42097.4
44494.0
70070.5
34656.5
38503.4
35777.4
32103.4
27767.7
29111.9
43064.5
54744.0
37499.4
52140.9
45207.4
40670.4
33186.1
44444.9
80350.7
34913.7
68218.6
29469.9
55645.8
34616.0
29140.6
22171.1
31885.7
26209.6
28341.5
42238.7
30992.4
36928.5
96347.0
29706.5
25005.2
42560.2
27979.1
29411.4
29721.4
33613.8
35800.3
21367.7
57387.4
103446.0
30465.3
31738.0
68745.0
66026.0
20607.9
26584.1
33291.4
35645.6
114716.0
118692.7
44693.6
32781.9
27325.2
32029.8
32538.2
28375.8
31088.1
21019.7
36215.0
51701.7
34226.4
29559.9
41301.2
28588.6
57762.8
25273.9
42320.4
82734.7
34144.0
31279.4
19088.5
30960.0
38143.0
30836.7
32047.1
24704.5
27822.9
