17708.1
35092.7
35755.8
47572.4
38828.7
46375.8
41988.5
31414.1
25999.8
28708.4
30566.1
26711.1
25044.4
26711.1
37347.7
37570.7
38966.9
44725.3
37078.1
28972.0
48028.7
39650.0
62977.5
59865.2
34508.0
37220.7
43930.9
31944.4
24198.5
27488.6
64760.2
42735.4
33061.8
40215.5
27630.5
27369.0
28612.2
32849.3
29604.2
34492.6
26030.0
77024.5
50793.9
41826.3
38709.2
42297.3
30483.7
30840.5
31379.8
37255.1
34752.2
38125.7
30852.8
34532.9
28163.1
31729.0
33727.6
47857.4
31616.3
28514.1
36423.4
26640.4
42009.6
29444.0
27790.7
45341.8
39421.7
57237.3
43281.1
38076.7
39861.9
33741.1
25627.1
66095.4
35539.9
35619.2
33754.7
25356.6
23258.1
29553.0
32287.7
28683.9
29621.7
59026.2
24065.4
35155.2
26720.3
27845.2
30241.9
35294.4
17576.0
45600.6
33884.2
29662.7
74998.7
71341.8
